<?xml version="1.0" encoding="UTF-8"?>
<!-- Generated by org.testng.reporters.JUnitXMLReporter -->
<testsuite ignored="0" hostname="DESKTOP-HL4JRJF" failures="0" tests="6" name="Test" time="0.078" errors="0" timestamp="2022-08-24T20:56:08 IST">
  <testcase classname="com.qa.demotestng.Group" name="CreateUser" time="0.012"/>
  <testcase classname="com.qa.demotestng.Group" name="createProduct" time="0.001"/>
  <testcase classname="com.qa.demotestng.Group" name="editProduct" time="0.001"/>
  <testcase classname="com.qa.demotestng.Group" name="editUser" time="0.002"/>
  <testcase classname="com.qa.demotestng.Group" name="deleteProduct" time="0.001"/>
  <testcase classname="com.qa.demotestng.Group" name="deleteUser" time="0.0"/>
</testsuite> <!-- Test -->
