<?xml version="1.0" encoding="UTF-8"?>
<testng-results ignored="0" total="2" passed="2" failed="0" skipped="0">
  <reporter-output>
  </reporter-output>
  <suite started-at="2022-08-24T22:01:36 IST" name="Suitemultibrowser" finished-at="2022-08-24T22:05:33 IST" duration-ms="237225">
    <groups>
    </groups>
    <test started-at="2022-08-24T22:01:36 IST" name="TestFirefox" finished-at="2022-08-24T22:05:32 IST" duration-ms="235608">
      <class name="com.qa.demotestng.MultipleBrowser">
        <test-method signature="loginFFandCHROME(java.lang.String)[pri:0, instance:com.qa.demotestng.MultipleBrowser@35aea049]" started-at="2022-08-24T22:01:36 IST" name="loginFFandCHROME" finished-at="2022-08-24T22:05:32 IST" duration-ms="235512" status="PASS">
          <params>
            <param index="0">
              <value>
                <![CDATA[firefox]]>
              </value>
            </param>
          </params>
          <reporter-output>
          </reporter-output>
        </test-method> <!-- loginFFandCHROME -->
      </class> <!-- com.qa.demotestng.MultipleBrowser -->
    </test> <!-- TestFirefox -->
    <test started-at="2022-08-24T22:01:36 IST" name="TestChrome" finished-at="2022-08-24T22:05:33 IST" duration-ms="237224">
      <class name="com.qa.demotestng.MultipleBrowser">
        <test-method signature="loginFFandCHROME(java.lang.String)[pri:0, instance:com.qa.demotestng.MultipleBrowser@48aca48b]" started-at="2022-08-24T22:01:36 IST" name="loginFFandCHROME" finished-at="2022-08-24T22:05:33 IST" duration-ms="237176" status="PASS">
          <params>
            <param index="0">
              <value>
                <![CDATA[chrome]]>
              </value>
            </param>
          </params>
          <reporter-output>
          </reporter-output>
        </test-method> <!-- loginFFandCHROME -->
      </class> <!-- com.qa.demotestng.MultipleBrowser -->
    </test> <!-- TestChrome -->
  </suite> <!-- Suitemultibrowser -->
</testng-results>
