<?xml version="1.0" encoding="UTF-8"?>
<!-- Generated by org.testng.reporters.JUnitXMLReporter -->
<testsuite ignored="2" hostname="DESKTOP-HL4JRJF" failures="0" tests="1" name="Testgroup" time="121.194" errors="0" timestamp="2022-08-24T21:31:13 IST">
  <testcase classname="com.qa.demotestng.GroupDemo" name="starting_point" time="121.148"/>
  <testcase classname="com.qa.demotestng.GroupDemo" name="checkTitle" time="0.0">
    <ignored/>
  </testcase> <!-- checkTitle -->
  <testcase classname="com.qa.demotestng.GroupDemo" name="click_element" time="0.0">
    <ignored/>
  </testcase> <!-- click_element -->
</testsuite> <!-- Testgroup -->
